2013/07/02 23:53:07 [error] [exception.CHttpException.404] exception 'CHttpException' with message 'The system is unable to find the requested action "gii".' in /var/www/apple/yii/framework/web/CController.php:483
Stack trace:
#0 /var/www/apple/yii/framework/web/CController.php(270): CController->missingAction('gii')
#1 /var/www/apple/yii/framework/web/CWebApplication.php(282): CController->run('gii')
#2 /var/www/apple/yii/framework/web/CWebApplication.php(141): CWebApplication->runController('site/gii')
#3 /var/www/apple/yii/framework/base/CApplication.php(169): CWebApplication->processRequest()
#4 /var/www/apple/index.php(13): CApplication->run()
#5 {main}
REQUEST_URI=/apple/site/gii
---
2013/07/02 23:53:18 [error] [exception.CHttpException.404] exception 'CHttpException' with message 'The requested view "index" was not found.' in /var/www/apple/yii/framework/web/actions/CViewAction.php:112
Stack trace:
#0 /var/www/apple/yii/framework/web/actions/CViewAction.php(123): CViewAction->resolveView('index')
#1 /var/www/apple/yii/framework/web/actions/CAction.php(76): CViewAction->run()
#2 /var/www/apple/yii/framework/web/CController.php(308): CAction->runWithParams(Array)
#3 /var/www/apple/yii/framework/web/CController.php(286): CController->runAction(Object(CViewAction))
#4 /var/www/apple/yii/framework/web/CController.php(265): CController->runActionWithFilters(Object(CViewAction), Array)
#5 /var/www/apple/yii/framework/web/CWebApplication.php(282): CController->run('page')
#6 /var/www/apple/yii/framework/web/CWebApplication.php(141): CWebApplication->runController('site/page')
#7 /var/www/apple/yii/framework/base/CApplication.php(169): CWebApplication->processRequest()
#8 /var/www/apple/index.php(13): CApplication->run()
#9 {main}
REQUEST_URI=/apple/site/page?gii
---
2013/07/03 00:12:22 [error] [exception.CHttpException.404] exception 'CHttpException' with message 'The system is unable to find the requested action "userdevice".' in /var/www/apple/yii/framework/web/CController.php:483
Stack trace:
#0 /var/www/apple/yii/framework/web/CController.php(270): CController->missingAction('userdevice')
#1 /var/www/apple/yii/framework/web/CWebApplication.php(282): CController->run('userdevice')
#2 /var/www/apple/yii/framework/web/CWebApplication.php(141): CWebApplication->runController('site/userdevice')
#3 /var/www/apple/yii/framework/base/CApplication.php(169): CWebApplication->processRequest()
#4 /var/www/apple/index.php(13): CApplication->run()
#5 {main}
REQUEST_URI=/apple/site/userdevice
---
2013/07/03 00:12:34 [error] [exception.CHttpException.404] exception 'CHttpException' with message 'The system is unable to find the requested action "userdevice".' in /var/www/apple/yii/framework/web/CController.php:483
Stack trace:
#0 /var/www/apple/yii/framework/web/CController.php(270): CController->missingAction('userdevice')
#1 /var/www/apple/yii/framework/web/CWebApplication.php(282): CController->run('userdevice')
#2 /var/www/apple/yii/framework/web/CWebApplication.php(141): CWebApplication->runController('site/userdevice...')
#3 /var/www/apple/yii/framework/base/CApplication.php(169): CWebApplication->processRequest()
#4 /var/www/apple/index.php(13): CApplication->run()
#5 {main}
REQUEST_URI=/apple/site/userdevice/index
---
2013/07/03 00:12:40 [error] [exception.CHttpException.404] exception 'CHttpException' with message 'The system is unable to find the requested action "userdevice".' in /var/www/apple/yii/framework/web/CController.php:483
Stack trace:
#0 /var/www/apple/yii/framework/web/CController.php(270): CController->missingAction('userdevice')
#1 /var/www/apple/yii/framework/web/CWebApplication.php(282): CController->run('userdevice')
#2 /var/www/apple/yii/framework/web/CWebApplication.php(141): CWebApplication->runController('site/userdevice...')
#3 /var/www/apple/yii/framework/base/CApplication.php(169): CWebApplication->processRequest()
#4 /var/www/apple/index.php(13): CApplication->run()
#5 {main}
REQUEST_URI=/apple/site/userdevice/create
---
2013/07/03 00:12:45 [error] [exception.CHttpException.404] exception 'CHttpException' with message 'Unable to resolve the request "userdevice/create".' in /var/www/apple/yii/framework/web/CWebApplication.php:286
Stack trace:
#0 /var/www/apple/yii/framework/web/CWebApplication.php(141): CWebApplication->runController('userdevice/crea...')
#1 /var/www/apple/yii/framework/base/CApplication.php(169): CWebApplication->processRequest()
#2 /var/www/apple/index.php(13): CApplication->run()
#3 {main}
REQUEST_URI=/apple/userdevice/create
---
2013/07/03 00:12:50 [error] [exception.CHttpException.404] exception 'CHttpException' with message 'Unable to resolve the request "userdevice".' in /var/www/apple/yii/framework/web/CWebApplication.php:286
Stack trace:
#0 /var/www/apple/yii/framework/web/CWebApplication.php(141): CWebApplication->runController('userdevice')
#1 /var/www/apple/yii/framework/base/CApplication.php(169): CWebApplication->processRequest()
#2 /var/www/apple/index.php(13): CApplication->run()
#3 {main}
REQUEST_URI=/apple/userdevice
---
2013/07/03 00:13:30 [error] [exception.CHttpException.404] exception 'CHttpException' with message 'Unable to resolve the request "userdevice".' in /var/www/apple/yii/framework/web/CWebApplication.php:286
Stack trace:
#0 /var/www/apple/yii/framework/web/CWebApplication.php(141): CWebApplication->runController('userdevice')
#1 /var/www/apple/yii/framework/base/CApplication.php(169): CWebApplication->processRequest()
#2 /var/www/apple/index.php(13): CApplication->run()
#3 {main}
REQUEST_URI=/apple/index.php/userdevice
---
2013/07/03 00:14:11 [error] [exception.CHttpException.404] exception 'CHttpException' with message 'Unable to resolve the request "userdevice".' in /var/www/apple/yii/framework/web/CWebApplication.php:286
Stack trace:
#0 /var/www/apple/yii/framework/web/CWebApplication.php(141): CWebApplication->runController('userdevice')
#1 /var/www/apple/yii/framework/base/CApplication.php(169): CWebApplication->processRequest()
#2 /var/www/apple/index.php(13): CApplication->run()
#3 {main}
REQUEST_URI=/apple/userdevice
---
2013/07/03 00:20:57 [warning] [application] Failed to set unsafe attribute "add_date" of "UserDevice".
in /var/www/apple/protected/controllers/UserDeviceController.php (72)
in /var/www/apple/index.php (13)
2013/07/03 00:20:57 [warning] [application] Failed to set unsafe attribute "status" of "UserDevice".
in /var/www/apple/protected/controllers/UserDeviceController.php (72)
in /var/www/apple/index.php (13)
2013/07/03 00:21:22 [warning] [application] Failed to set unsafe attribute "add_date" of "UserDevice".
in /var/www/apple/protected/controllers/UserDeviceController.php (96)
in /var/www/apple/index.php (13)
2013/07/03 00:21:22 [warning] [application] Failed to set unsafe attribute "status" of "UserDevice".
in /var/www/apple/protected/controllers/UserDeviceController.php (96)
in /var/www/apple/index.php (13)
2013/07/03 08:24:06 [error] [exception.CHttpException.404] exception 'CHttpException' with message 'Unable to resolve the request "userdevice/DeviceToken/12345lk45ksad".' in /var/www/apple/yii/framework/web/CWebApplication.php:286
Stack trace:
#0 /var/www/apple/yii/framework/web/CWebApplication.php(141): CWebApplication->runController('userdevice/Devi...')
#1 /var/www/apple/yii/framework/base/CApplication.php(169): CWebApplication->processRequest()
#2 /var/www/apple/index.php(13): CApplication->run()
#3 {main}
REQUEST_URI=/apple/userdevice/DeviceToken/12345lk45ksad
---
2013/07/03 08:24:21 [error] [exception.CHttpException.404] exception 'CHttpException' with message 'The system is unable to find the requested action "devicetoken".' in /var/www/apple/yii/framework/web/CController.php:483
Stack trace:
#0 /var/www/apple/yii/framework/web/CController.php(270): CController->missingAction('devicetoken')
#1 /var/www/apple/yii/framework/web/CWebApplication.php(282): CController->run('devicetoken')
#2 /var/www/apple/yii/framework/web/CWebApplication.php(141): CWebApplication->runController('UserDevice/devi...')
#3 /var/www/apple/yii/framework/base/CApplication.php(169): CWebApplication->processRequest()
#4 /var/www/apple/index.php(13): CApplication->run()
#5 {main}
REQUEST_URI=/apple/UserDevice/devicetoken/12345lk45ksad
---
2013/07/03 08:24:53 [error] [exception.CHttpException.400] exception 'CHttpException' with message 'Your request is invalid.' in /var/www/apple/yii/framework/web/CController.php:336
Stack trace:
#0 /var/www/apple/yii/framework/web/CController.php(309): CController->invalidActionParams(Object(CInlineAction))
#1 /var/www/apple/yii/framework/web/filters/CFilterChain.php(133): CController->runAction(Object(CInlineAction))
#2 /var/www/apple/yii/framework/web/filters/CFilter.php(40): CFilterChain->run()
#3 /var/www/apple/yii/framework/web/CController.php(1145): CFilter->filter(Object(CFilterChain))
#4 /var/www/apple/yii/framework/web/filters/CInlineFilter.php(58): CController->filterAccessControl(Object(CFilterChain))
#5 /var/www/apple/yii/framework/web/filters/CFilterChain.php(130): CInlineFilter->filter(Object(CFilterChain))
#6 /var/www/apple/yii/framework/web/CController.php(291): CFilterChain->run()
#7 /var/www/apple/yii/framework/web/CController.php(265): CController->runActionWithFilters(Object(CInlineAction), Array)
#8 /var/www/apple/yii/framework/web/CWebApplication.php(282): CController->run('devicetoken')
#9 /var/www/apple/yii/framework/web/CWebApplication.php(141): CWebApplication->runController('UserDevice/devi...')
#10 /var/www/apple/yii/framework/base/CApplication.php(169): CWebApplication->processRequest()
#11 /var/www/apple/index.php(13): CApplication->run()
#12 {main}
REQUEST_URI=/apple/UserDevice/devicetoken/12345lk45ksad
---
2013/07/03 08:25:03 [error] [exception.CHttpException.400] exception 'CHttpException' with message 'Your request is invalid.' in /var/www/apple/yii/framework/web/CController.php:336
Stack trace:
#0 /var/www/apple/yii/framework/web/CController.php(309): CController->invalidActionParams(Object(CInlineAction))
#1 /var/www/apple/yii/framework/web/filters/CFilterChain.php(133): CController->runAction(Object(CInlineAction))
#2 /var/www/apple/yii/framework/web/filters/CFilter.php(40): CFilterChain->run()
#3 /var/www/apple/yii/framework/web/CController.php(1145): CFilter->filter(Object(CFilterChain))
#4 /var/www/apple/yii/framework/web/filters/CInlineFilter.php(58): CController->filterAccessControl(Object(CFilterChain))
#5 /var/www/apple/yii/framework/web/filters/CFilterChain.php(130): CInlineFilter->filter(Object(CFilterChain))
#6 /var/www/apple/yii/framework/web/CController.php(291): CFilterChain->run()
#7 /var/www/apple/yii/framework/web/CController.php(265): CController->runActionWithFilters(Object(CInlineAction), Array)
#8 /var/www/apple/yii/framework/web/CWebApplication.php(282): CController->run('devicetoken')
#9 /var/www/apple/yii/framework/web/CWebApplication.php(141): CWebApplication->runController('UserDevice/devi...')
#10 /var/www/apple/yii/framework/base/CApplication.php(169): CWebApplication->processRequest()
#11 /var/www/apple/index.php(13): CApplication->run()
#12 {main}
REQUEST_URI=/apple/UserDevice/devicetoken/1234
---
2013/07/03 08:25:29 [error] [exception.CHttpException.400] exception 'CHttpException' with message 'Your request is invalid.' in /var/www/apple/yii/framework/web/CController.php:336
Stack trace:
#0 /var/www/apple/yii/framework/web/CController.php(309): CController->invalidActionParams(Object(CInlineAction))
#1 /var/www/apple/yii/framework/web/filters/CFilterChain.php(133): CController->runAction(Object(CInlineAction))
#2 /var/www/apple/yii/framework/web/filters/CFilter.php(40): CFilterChain->run()
#3 /var/www/apple/yii/framework/web/CController.php(1145): CFilter->filter(Object(CFilterChain))
#4 /var/www/apple/yii/framework/web/filters/CInlineFilter.php(58): CController->filterAccessControl(Object(CFilterChain))
#5 /var/www/apple/yii/framework/web/filters/CFilterChain.php(130): CInlineFilter->filter(Object(CFilterChain))
#6 /var/www/apple/yii/framework/web/CController.php(291): CFilterChain->run()
#7 /var/www/apple/yii/framework/web/CController.php(265): CController->runActionWithFilters(Object(CInlineAction), Array)
#8 /var/www/apple/yii/framework/web/CWebApplication.php(282): CController->run('devicetoken')
#9 /var/www/apple/yii/framework/web/CWebApplication.php(141): CWebApplication->runController('UserDevice/devi...')
#10 /var/www/apple/yii/framework/base/CApplication.php(169): CWebApplication->processRequest()
#11 /var/www/apple/index.php(13): CApplication->run()
#12 {main}
REQUEST_URI=/apple/UserDevice/devicetoken/1234
---
2013/07/03 08:25:31 [error] [exception.CHttpException.400] exception 'CHttpException' with message 'Your request is invalid.' in /var/www/apple/yii/framework/web/CController.php:336
Stack trace:
#0 /var/www/apple/yii/framework/web/CController.php(309): CController->invalidActionParams(Object(CInlineAction))
#1 /var/www/apple/yii/framework/web/filters/CFilterChain.php(133): CController->runAction(Object(CInlineAction))
#2 /var/www/apple/yii/framework/web/filters/CFilter.php(40): CFilterChain->run()
#3 /var/www/apple/yii/framework/web/CController.php(1145): CFilter->filter(Object(CFilterChain))
#4 /var/www/apple/yii/framework/web/filters/CInlineFilter.php(58): CController->filterAccessControl(Object(CFilterChain))
#5 /var/www/apple/yii/framework/web/filters/CFilterChain.php(130): CInlineFilter->filter(Object(CFilterChain))
#6 /var/www/apple/yii/framework/web/CController.php(291): CFilterChain->run()
#7 /var/www/apple/yii/framework/web/CController.php(265): CController->runActionWithFilters(Object(CInlineAction), Array)
#8 /var/www/apple/yii/framework/web/CWebApplication.php(282): CController->run('devicetoken')
#9 /var/www/apple/yii/framework/web/CWebApplication.php(141): CWebApplication->runController('UserDevice/devi...')
#10 /var/www/apple/yii/framework/base/CApplication.php(169): CWebApplication->processRequest()
#11 /var/www/apple/index.php(13): CApplication->run()
#12 {main}
REQUEST_URI=/apple/UserDevice/devicetoken/1234
---
2013/07/03 08:25:45 [error] [exception.CHttpException.400] exception 'CHttpException' with message 'Your request is invalid.' in /var/www/apple/yii/framework/web/CController.php:336
Stack trace:
#0 /var/www/apple/yii/framework/web/CController.php(309): CController->invalidActionParams(Object(CInlineAction))
#1 /var/www/apple/yii/framework/web/filters/CFilterChain.php(133): CController->runAction(Object(CInlineAction))
#2 /var/www/apple/yii/framework/web/filters/CFilter.php(40): CFilterChain->run()
#3 /var/www/apple/yii/framework/web/CController.php(1145): CFilter->filter(Object(CFilterChain))
#4 /var/www/apple/yii/framework/web/filters/CInlineFilter.php(58): CController->filterAccessControl(Object(CFilterChain))
#5 /var/www/apple/yii/framework/web/filters/CFilterChain.php(130): CInlineFilter->filter(Object(CFilterChain))
#6 /var/www/apple/yii/framework/web/CController.php(291): CFilterChain->run()
#7 /var/www/apple/yii/framework/web/CController.php(265): CController->runActionWithFilters(Object(CInlineAction), Array)
#8 /var/www/apple/yii/framework/web/CWebApplication.php(282): CController->run('devicetoken')
#9 /var/www/apple/yii/framework/web/CWebApplication.php(141): CWebApplication->runController('UserDevice/devi...')
#10 /var/www/apple/yii/framework/base/CApplication.php(169): CWebApplication->processRequest()
#11 /var/www/apple/index.php(13): CApplication->run()
#12 {main}
REQUEST_URI=/apple/UserDevice/devicetoken/r?=1234
---
2013/07/03 08:25:52 [error] [exception.CHttpException.400] exception 'CHttpException' with message 'Your request is invalid.' in /var/www/apple/yii/framework/web/CController.php:336
Stack trace:
#0 /var/www/apple/yii/framework/web/CController.php(309): CController->invalidActionParams(Object(CInlineAction))
#1 /var/www/apple/yii/framework/web/filters/CFilterChain.php(133): CController->runAction(Object(CInlineAction))
#2 /var/www/apple/yii/framework/web/filters/CFilter.php(40): CFilterChain->run()
#3 /var/www/apple/yii/framework/web/CController.php(1145): CFilter->filter(Object(CFilterChain))
#4 /var/www/apple/yii/framework/web/filters/CInlineFilter.php(58): CController->filterAccessControl(Object(CFilterChain))
#5 /var/www/apple/yii/framework/web/filters/CFilterChain.php(130): CInlineFilter->filter(Object(CFilterChain))
#6 /var/www/apple/yii/framework/web/CController.php(291): CFilterChain->run()
#7 /var/www/apple/yii/framework/web/CController.php(265): CController->runActionWithFilters(Object(CInlineAction), Array)
#8 /var/www/apple/yii/framework/web/CWebApplication.php(282): CController->run('devicetoken')
#9 /var/www/apple/yii/framework/web/CWebApplication.php(141): CWebApplication->runController('UserDevice/devi...')
#10 /var/www/apple/yii/framework/base/CApplication.php(169): CWebApplication->processRequest()
#11 /var/www/apple/index.php(13): CApplication->run()
#12 {main}
REQUEST_URI=/apple/UserDevice/devicetoken
---
2013/07/03 08:25:56 [error] [exception.CHttpException.400] exception 'CHttpException' with message 'Your request is invalid.' in /var/www/apple/yii/framework/web/CController.php:336
Stack trace:
#0 /var/www/apple/yii/framework/web/CController.php(309): CController->invalidActionParams(Object(CInlineAction))
#1 /var/www/apple/yii/framework/web/filters/CFilterChain.php(133): CController->runAction(Object(CInlineAction))
#2 /var/www/apple/yii/framework/web/filters/CFilter.php(40): CFilterChain->run()
#3 /var/www/apple/yii/framework/web/CController.php(1145): CFilter->filter(Object(CFilterChain))
#4 /var/www/apple/yii/framework/web/filters/CInlineFilter.php(58): CController->filterAccessControl(Object(CFilterChain))
#5 /var/www/apple/yii/framework/web/filters/CFilterChain.php(130): CInlineFilter->filter(Object(CFilterChain))
#6 /var/www/apple/yii/framework/web/CController.php(291): CFilterChain->run()
#7 /var/www/apple/yii/framework/web/CController.php(265): CController->runActionWithFilters(Object(CInlineAction), Array)
#8 /var/www/apple/yii/framework/web/CWebApplication.php(282): CController->run('devicetoken')
#9 /var/www/apple/yii/framework/web/CWebApplication.php(141): CWebApplication->runController('UserDevice/devi...')
#10 /var/www/apple/yii/framework/base/CApplication.php(169): CWebApplication->processRequest()
#11 /var/www/apple/index.php(13): CApplication->run()
#12 {main}
REQUEST_URI=/apple/UserDevice/devicetoken
---
2013/07/03 08:26:33 [error] [exception.CHttpException.400] exception 'CHttpException' with message 'Your request is invalid.' in /var/www/apple/yii/framework/web/CController.php:336
Stack trace:
#0 /var/www/apple/yii/framework/web/CController.php(309): CController->invalidActionParams(Object(CInlineAction))
#1 /var/www/apple/yii/framework/web/filters/CFilterChain.php(133): CController->runAction(Object(CInlineAction))
#2 /var/www/apple/yii/framework/web/filters/CFilter.php(40): CFilterChain->run()
#3 /var/www/apple/yii/framework/web/CController.php(1145): CFilter->filter(Object(CFilterChain))
#4 /var/www/apple/yii/framework/web/filters/CInlineFilter.php(58): CController->filterAccessControl(Object(CFilterChain))
#5 /var/www/apple/yii/framework/web/filters/CFilterChain.php(130): CInlineFilter->filter(Object(CFilterChain))
#6 /var/www/apple/yii/framework/web/CController.php(291): CFilterChain->run()
#7 /var/www/apple/yii/framework/web/CController.php(265): CController->runActionWithFilters(Object(CInlineAction), Array)
#8 /var/www/apple/yii/framework/web/CWebApplication.php(282): CController->run('devicetoken')
#9 /var/www/apple/yii/framework/web/CWebApplication.php(141): CWebApplication->runController('UserDevice/devi...')
#10 /var/www/apple/yii/framework/base/CApplication.php(169): CWebApplication->processRequest()
#11 /var/www/apple/index.php(13): CApplication->run()
#12 {main}
REQUEST_URI=/apple/UserDevice/devicetoken
---
2013/07/03 08:27:07 [error] [exception.CHttpException.400] exception 'CHttpException' with message 'Your request is invalid.' in /var/www/apple/yii/framework/web/CController.php:336
Stack trace:
#0 /var/www/apple/yii/framework/web/CController.php(309): CController->invalidActionParams(Object(CInlineAction))
#1 /var/www/apple/yii/framework/web/filters/CFilterChain.php(133): CController->runAction(Object(CInlineAction))
#2 /var/www/apple/yii/framework/web/filters/CFilter.php(40): CFilterChain->run()
#3 /var/www/apple/yii/framework/web/CController.php(1145): CFilter->filter(Object(CFilterChain))
#4 /var/www/apple/yii/framework/web/filters/CInlineFilter.php(58): CController->filterAccessControl(Object(CFilterChain))
#5 /var/www/apple/yii/framework/web/filters/CFilterChain.php(130): CInlineFilter->filter(Object(CFilterChain))
#6 /var/www/apple/yii/framework/web/CController.php(291): CFilterChain->run()
#7 /var/www/apple/yii/framework/web/CController.php(265): CController->runActionWithFilters(Object(CInlineAction), Array)
#8 /var/www/apple/yii/framework/web/CWebApplication.php(282): CController->run('devicetoken')
#9 /var/www/apple/yii/framework/web/CWebApplication.php(141): CWebApplication->runController('UserDevice/devi...')
#10 /var/www/apple/yii/framework/base/CApplication.php(169): CWebApplication->processRequest()
#11 /var/www/apple/index.php(13): CApplication->run()
#12 {main}
REQUEST_URI=/apple/UserDevice/devicetoken/112344jwjsj2j3jsj1j2js221jdqwwdqo120382392812j21392381
---
2013/07/03 08:28:40 [error] [exception.CHttpException.400] exception 'CHttpException' with message 'Your request is invalid.' in /var/www/apple/yii/framework/web/CController.php:336
Stack trace:
#0 /var/www/apple/yii/framework/web/CController.php(309): CController->invalidActionParams(Object(CInlineAction))
#1 /var/www/apple/yii/framework/web/filters/CFilterChain.php(133): CController->runAction(Object(CInlineAction))
#2 /var/www/apple/yii/framework/web/filters/CFilter.php(40): CFilterChain->run()
#3 /var/www/apple/yii/framework/web/CController.php(1145): CFilter->filter(Object(CFilterChain))
#4 /var/www/apple/yii/framework/web/filters/CInlineFilter.php(58): CController->filterAccessControl(Object(CFilterChain))
#5 /var/www/apple/yii/framework/web/filters/CFilterChain.php(130): CInlineFilter->filter(Object(CFilterChain))
#6 /var/www/apple/yii/framework/web/CController.php(291): CFilterChain->run()
#7 /var/www/apple/yii/framework/web/CController.php(265): CController->runActionWithFilters(Object(CInlineAction), Array)
#8 /var/www/apple/yii/framework/web/CWebApplication.php(282): CController->run('devicetoken')
#9 /var/www/apple/yii/framework/web/CWebApplication.php(141): CWebApplication->runController('UserDevice/devi...')
#10 /var/www/apple/yii/framework/base/CApplication.php(169): CWebApplication->processRequest()
#11 /var/www/apple/index.php(13): CApplication->run()
#12 {main}
REQUEST_URI=/apple/UserDevice/devicetoken/112344jwjsj2j3jsj1j2js221jdqwwdqo120382392812j21392381
---
2013/07/03 08:36:17 [error] [exception.CHttpException.400] exception 'CHttpException' with message 'Your request is invalid.' in /var/www/apple/yii/framework/web/CController.php:336
Stack trace:
#0 /var/www/apple/yii/framework/web/CController.php(309): CController->invalidActionParams(Object(CInlineAction))
#1 /var/www/apple/yii/framework/web/filters/CFilterChain.php(133): CController->runAction(Object(CInlineAction))
#2 /var/www/apple/yii/framework/web/filters/CFilter.php(40): CFilterChain->run()
#3 /var/www/apple/yii/framework/web/CController.php(1145): CFilter->filter(Object(CFilterChain))
#4 /var/www/apple/yii/framework/web/filters/CInlineFilter.php(58): CController->filterAccessControl(Object(CFilterChain))
#5 /var/www/apple/yii/framework/web/filters/CFilterChain.php(130): CInlineFilter->filter(Object(CFilterChain))
#6 /var/www/apple/yii/framework/web/CController.php(291): CFilterChain->run()
#7 /var/www/apple/yii/framework/web/CController.php(265): CController->runActionWithFilters(Object(CInlineAction), Array)
#8 /var/www/apple/yii/framework/web/CWebApplication.php(282): CController->run('devicetoken')
#9 /var/www/apple/yii/framework/web/CWebApplication.php(141): CWebApplication->runController('UserDevice/devi...')
#10 /var/www/apple/yii/framework/base/CApplication.php(169): CWebApplication->processRequest()
#11 /var/www/apple/index.php(13): CApplication->run()
#12 {main}
REQUEST_URI=/apple/UserDevice/devicetoken/112344jwjsj2j3jsj1j2js221jdqwwdqo120382-2309473204234kjh97214-2034pd09343927
---
2013/07/03 08:41:01 [error] [exception.CHttpException.404] exception 'CHttpException' with message 'Unable to resolve the request "userdevice".' in /var/www/apple/yii/framework/web/CWebApplication.php:286
Stack trace:
#0 /var/www/apple/yii/framework/web/CWebApplication.php(141): CWebApplication->runController('userdevice')
#1 /var/www/apple/yii/framework/base/CApplication.php(169): CWebApplication->processRequest()
#2 /var/www/apple/index.php(13): CApplication->run()
#3 {main}
REQUEST_URI=/apple/userdevice
---
2013/07/03 16:23:46 [error] [exception.CException] exception 'CException' with message 'UserDevice and its behaviors do not have a method or closure named "result".' in /var/www/apple/yii/framework/base/CComponent.php:265
Stack trace:
#0 /var/www/apple/yii/framework/db/ar/CActiveRecord.php(225): CComponent->__call('result', Array)
#1 /var/www/apple/protected/controllers/UserDeviceController.php(71): CActiveRecord->__call('result', Array)
#2 /var/www/apple/protected/controllers/UserDeviceController.php(71): UserDevice->result()
#3 /var/www/apple/protected/controllers/UserDeviceController.php(54): UserDeviceController->isunique('c8bf6d3df8edbc6...')
#4 [internal function]: UserDeviceController->actionDevicetoken('c8bf6d3df8edbc6...')
#5 /var/www/apple/yii/framework/web/actions/CAction.php(108): ReflectionMethod->invokeArgs(Object(UserDeviceController), Array)
#6 /var/www/apple/yii/framework/web/actions/CInlineAction.php(47): CAction->runWithParamsInternal(Object(UserDeviceController), Object(ReflectionMethod), Array)
#7 /var/www/apple/yii/framework/web/CController.php(308): CInlineAction->runWithParams(Array)
#8 /var/www/apple/yii/framework/web/filters/CFilterChain.php(133): CController->runAction(Object(CInlineAction))
#9 /var/www/apple/yii/framework/web/filters/CFilter.php(40): CFilterChain->run()
#10 /var/www/apple/yii/framework/web/CController.php(1145): CFilter->filter(Object(CFilterChain))
#11 /var/www/apple/yii/framework/web/filters/CInlineFilter.php(58): CController->filterAccessControl(Object(CFilterChain))
#12 /var/www/apple/yii/framework/web/filters/CFilterChain.php(130): CInlineFilter->filter(Object(CFilterChain))
#13 /var/www/apple/yii/framework/web/CController.php(291): CFilterChain->run()
#14 /var/www/apple/yii/framework/web/CController.php(265): CController->runActionWithFilters(Object(CInlineAction), Array)
#15 /var/www/apple/yii/framework/web/CWebApplication.php(282): CController->run('devicetoken')
#16 /var/www/apple/yii/framework/web/CWebApplication.php(141): CWebApplication->runController('userDevice/devi...')
#17 /var/www/apple/yii/framework/base/CApplication.php(169): CWebApplication->processRequest()
#18 /var/www/apple/index.php(13): CApplication->run()
#19 {main}
REQUEST_URI=/apple/userDevice/devicetoken/c8bf6d3df8edbc6b8289f987664a5aa9bb3307ccaf48275b1a9a43498f75b26e
---
2013/07/03 16:23:52 [error] [exception.CException] exception 'CException' with message 'Property "UserDevice.result" is not defined.' in /var/www/apple/yii/framework/base/CComponent.php:130
Stack trace:
#0 /var/www/apple/yii/framework/db/ar/CActiveRecord.php(143): CComponent->__get('result')
#1 /var/www/apple/protected/controllers/UserDeviceController.php(71): CActiveRecord->__get('result')
#2 /var/www/apple/protected/controllers/UserDeviceController.php(54): UserDeviceController->isunique('c8bf6d3df8edbc6...')
#3 [internal function]: UserDeviceController->actionDevicetoken('c8bf6d3df8edbc6...')
#4 /var/www/apple/yii/framework/web/actions/CAction.php(108): ReflectionMethod->invokeArgs(Object(UserDeviceController), Array)
#5 /var/www/apple/yii/framework/web/actions/CInlineAction.php(47): CAction->runWithParamsInternal(Object(UserDeviceController), Object(ReflectionMethod), Array)
#6 /var/www/apple/yii/framework/web/CController.php(308): CInlineAction->runWithParams(Array)
#7 /var/www/apple/yii/framework/web/filters/CFilterChain.php(133): CController->runAction(Object(CInlineAction))
#8 /var/www/apple/yii/framework/web/filters/CFilter.php(40): CFilterChain->run()
#9 /var/www/apple/yii/framework/web/CController.php(1145): CFilter->filter(Object(CFilterChain))
#10 /var/www/apple/yii/framework/web/filters/CInlineFilter.php(58): CController->filterAccessControl(Object(CFilterChain))
#11 /var/www/apple/yii/framework/web/filters/CFilterChain.php(130): CInlineFilter->filter(Object(CFilterChain))
#12 /var/www/apple/yii/framework/web/CController.php(291): CFilterChain->run()
#13 /var/www/apple/yii/framework/web/CController.php(265): CController->runActionWithFilters(Object(CInlineAction), Array)
#14 /var/www/apple/yii/framework/web/CWebApplication.php(282): CController->run('devicetoken')
#15 /var/www/apple/yii/framework/web/CWebApplication.php(141): CWebApplication->runController('userDevice/devi...')
#16 /var/www/apple/yii/framework/base/CApplication.php(169): CWebApplication->processRequest()
#17 /var/www/apple/index.php(13): CApplication->run()
#18 {main}
REQUEST_URI=/apple/userDevice/devicetoken/c8bf6d3df8edbc6b8289f987664a5aa9bb3307ccaf48275b1a9a43498f75b26e
---
2013/07/03 16:36:47 [error] [php] include(UserModule.php): failed to open stream: No such file or directory (/var/www/apple/yii/framework/YiiBase.php:421)
Stack trace:
#0 /var/www/apple/protected/models/UserDevice.php(41): spl_autoload_call()
#1 /var/www/apple/yii/framework/base/CModel.php(283): UserDevice->rules()
#2 /var/www/apple/yii/framework/base/CModel.php(260): UserDevice->createValidators()
#3 /var/www/apple/yii/framework/web/helpers/CHtml.php(1964): UserDevice->getValidators()
#4 /var/www/apple/yii/framework/web/helpers/CHtml.php(1257): activeInputField()
#5 /var/www/apple/yii/framework/web/widgets/CActiveForm.php(657): activeTextField()
#6 /var/www/apple/protected/views/userDevice/_search.php(16): CActiveForm->textField()
#7 /var/www/apple/yii/framework/web/CBaseController.php(126): require()
#8 /var/www/apple/yii/framework/web/CBaseController.php(95): UserDeviceController->renderInternal()
#9 /var/www/apple/yii/framework/web/CController.php(869): UserDeviceController->renderFile()
#10 /var/www/apple/protected/views/userDevice/admin.php(40): UserDeviceController->renderPartial()
#11 /var/www/apple/yii/framework/web/CBaseController.php(126): require()
#12 /var/www/apple/yii/framework/web/CBaseController.php(95): UserDeviceController->renderInternal()
#13 /var/www/apple/yii/framework/web/CController.php(869): UserDeviceController->renderFile()
#14 /var/www/apple/yii/framework/web/CController.php(782): UserDeviceController->renderPartial()
#15 /var/www/apple/protected/controllers/UserDeviceController.php(179): UserDeviceController->render()
#16 /var/www/apple/yii/framework/web/actions/CInlineAction.php(49): UserDeviceController->actionAdmin()
#17 /var/www/apple/yii/framework/web/CController.php(308): CInlineAction->runWithParams()
#18 /var/www/apple/yii/framework/web/filters/CFilterChain.php(133): UserDeviceController->runAction()
#19 /var/www/apple/yii/framework/web/filters/CFilter.php(40): CFilterChain->run()
#20 /var/www/apple/yii/framework/web/CController.php(1145): CAccessControlFilter->filter()
#21 /var/www/apple/yii/framework/web/filters/CInlineFilter.php(58): UserDeviceController->filterAccessControl()
#22 /var/www/apple/yii/framework/web/filters/CFilterChain.php(130): CInlineFilter->filter()
#23 /var/www/apple/yii/framework/web/CController.php(291): CFilterChain->run()
#24 /var/www/apple/yii/framework/web/CController.php(265): UserDeviceController->runActionWithFilters()
#25 /var/www/apple/yii/framework/web/CWebApplication.php(282): UserDeviceController->run()
#26 /var/www/apple/yii/framework/web/CWebApplication.php(141): CWebApplication->runController()
#27 /var/www/apple/yii/framework/base/CApplication.php(169): CWebApplication->processRequest()
#28 /var/www/apple/index.php(13): CWebApplication->run()
REQUEST_URI=/apple/userDevice/admin
in /var/www/apple/protected/models/UserDevice.php (41)
in /var/www/apple/protected/views/userDevice/_search.php (16)
in /var/www/apple/protected/views/userDevice/admin.php (40)
2013/07/03 16:37:10 [error] [php] include(UserModule.php): failed to open stream: No such file or directory (/var/www/apple/yii/framework/YiiBase.php:421)
Stack trace:
#0 /var/www/apple/protected/models/UserDevice.php(41): spl_autoload_call()
#1 /var/www/apple/yii/framework/base/CModel.php(283): UserDevice->rules()
#2 /var/www/apple/yii/framework/base/CModel.php(260): UserDevice->createValidators()
#3 /var/www/apple/yii/framework/web/helpers/CHtml.php(1964): UserDevice->getValidators()
#4 /var/www/apple/yii/framework/web/helpers/CHtml.php(1257): activeInputField()
#5 /var/www/apple/yii/framework/web/widgets/CActiveForm.php(657): activeTextField()
#6 /var/www/apple/protected/views/userDevice/_search.php(16): CActiveForm->textField()
#7 /var/www/apple/yii/framework/web/CBaseController.php(126): require()
#8 /var/www/apple/yii/framework/web/CBaseController.php(95): UserDeviceController->renderInternal()
#9 /var/www/apple/yii/framework/web/CController.php(869): UserDeviceController->renderFile()
#10 /var/www/apple/protected/views/userDevice/admin.php(40): UserDeviceController->renderPartial()
#11 /var/www/apple/yii/framework/web/CBaseController.php(126): require()
#12 /var/www/apple/yii/framework/web/CBaseController.php(95): UserDeviceController->renderInternal()
#13 /var/www/apple/yii/framework/web/CController.php(869): UserDeviceController->renderFile()
#14 /var/www/apple/yii/framework/web/CController.php(782): UserDeviceController->renderPartial()
#15 /var/www/apple/protected/controllers/UserDeviceController.php(179): UserDeviceController->render()
#16 /var/www/apple/yii/framework/web/actions/CInlineAction.php(49): UserDeviceController->actionAdmin()
#17 /var/www/apple/yii/framework/web/CController.php(308): CInlineAction->runWithParams()
#18 /var/www/apple/yii/framework/web/filters/CFilterChain.php(133): UserDeviceController->runAction()
#19 /var/www/apple/yii/framework/web/filters/CFilter.php(40): CFilterChain->run()
#20 /var/www/apple/yii/framework/web/CController.php(1145): CAccessControlFilter->filter()
#21 /var/www/apple/yii/framework/web/filters/CInlineFilter.php(58): UserDeviceController->filterAccessControl()
#22 /var/www/apple/yii/framework/web/filters/CFilterChain.php(130): CInlineFilter->filter()
#23 /var/www/apple/yii/framework/web/CController.php(291): CFilterChain->run()
#24 /var/www/apple/yii/framework/web/CController.php(265): UserDeviceController->runActionWithFilters()
#25 /var/www/apple/yii/framework/web/CWebApplication.php(282): UserDeviceController->run()
#26 /var/www/apple/yii/framework/web/CWebApplication.php(141): CWebApplication->runController()
#27 /var/www/apple/yii/framework/base/CApplication.php(169): CWebApplication->processRequest()
#28 /var/www/apple/index.php(13): CWebApplication->run()
REQUEST_URI=/apple/userDevice/admin
in /var/www/apple/protected/models/UserDevice.php (41)
in /var/www/apple/protected/views/userDevice/_search.php (16)
in /var/www/apple/protected/views/userDevice/admin.php (40)
2013/07/03 16:37:15 [error] [php] include(UserModule.php): failed to open stream: No such file or directory (/var/www/apple/yii/framework/YiiBase.php:421)
Stack trace:
#0 /var/www/apple/protected/models/UserDevice.php(41): spl_autoload_call()
#1 /var/www/apple/yii/framework/base/CModel.php(283): UserDevice->rules()
#2 /var/www/apple/yii/framework/base/CModel.php(260): UserDevice->createValidators()
#3 /var/www/apple/yii/framework/web/helpers/CHtml.php(1964): UserDevice->getValidators()
#4 /var/www/apple/yii/framework/web/helpers/CHtml.php(1257): activeInputField()
#5 /var/www/apple/yii/framework/web/widgets/CActiveForm.php(657): activeTextField()
#6 /var/www/apple/protected/views/userDevice/_search.php(16): CActiveForm->textField()
#7 /var/www/apple/yii/framework/web/CBaseController.php(126): require()
#8 /var/www/apple/yii/framework/web/CBaseController.php(95): UserDeviceController->renderInternal()
#9 /var/www/apple/yii/framework/web/CController.php(869): UserDeviceController->renderFile()
#10 /var/www/apple/protected/views/userDevice/admin.php(40): UserDeviceController->renderPartial()
#11 /var/www/apple/yii/framework/web/CBaseController.php(126): require()
#12 /var/www/apple/yii/framework/web/CBaseController.php(95): UserDeviceController->renderInternal()
#13 /var/www/apple/yii/framework/web/CController.php(869): UserDeviceController->renderFile()
#14 /var/www/apple/yii/framework/web/CController.php(782): UserDeviceController->renderPartial()
#15 /var/www/apple/protected/controllers/UserDeviceController.php(179): UserDeviceController->render()
#16 /var/www/apple/yii/framework/web/actions/CInlineAction.php(49): UserDeviceController->actionAdmin()
#17 /var/www/apple/yii/framework/web/CController.php(308): CInlineAction->runWithParams()
#18 /var/www/apple/yii/framework/web/filters/CFilterChain.php(133): UserDeviceController->runAction()
#19 /var/www/apple/yii/framework/web/filters/CFilter.php(40): CFilterChain->run()
#20 /var/www/apple/yii/framework/web/CController.php(1145): CAccessControlFilter->filter()
#21 /var/www/apple/yii/framework/web/filters/CInlineFilter.php(58): UserDeviceController->filterAccessControl()
#22 /var/www/apple/yii/framework/web/filters/CFilterChain.php(130): CInlineFilter->filter()
#23 /var/www/apple/yii/framework/web/CController.php(291): CFilterChain->run()
#24 /var/www/apple/yii/framework/web/CController.php(265): UserDeviceController->runActionWithFilters()
#25 /var/www/apple/yii/framework/web/CWebApplication.php(282): UserDeviceController->run()
#26 /var/www/apple/yii/framework/web/CWebApplication.php(141): CWebApplication->runController()
#27 /var/www/apple/yii/framework/base/CApplication.php(169): CWebApplication->processRequest()
#28 /var/www/apple/index.php(13): CWebApplication->run()
REQUEST_URI=/apple/userDevice/admin
in /var/www/apple/protected/models/UserDevice.php (41)
in /var/www/apple/protected/views/userDevice/_search.php (16)
in /var/www/apple/protected/views/userDevice/admin.php (40)
2013/07/03 17:16:51 [error] [php] Invalid argument supplied for foreach() (/var/www/apple/protected/controllers/NotificationController.php:76)
Stack trace:
#0 /var/www/apple/yii/framework/web/filters/CFilterChain.php(133): NotificationController->runAction()
#1 /var/www/apple/yii/framework/web/filters/CFilter.php(40): CFilterChain->run()
#2 /var/www/apple/yii/framework/web/CController.php(1145): CAccessControlFilter->filter()
#3 /var/www/apple/yii/framework/web/filters/CInlineFilter.php(58): NotificationController->filterAccessControl()
#4 /var/www/apple/yii/framework/web/filters/CFilterChain.php(130): CInlineFilter->filter()
#5 /var/www/apple/yii/framework/web/CController.php(291): CFilterChain->run()
#6 /var/www/apple/yii/framework/web/CController.php(265): NotificationController->runActionWithFilters()
#7 /var/www/apple/yii/framework/web/CWebApplication.php(282): NotificationController->run()
#8 /var/www/apple/yii/framework/web/CWebApplication.php(141): CWebApplication->runController()
#9 /var/www/apple/yii/framework/base/CApplication.php(169): CWebApplication->processRequest()
#10 /var/www/apple/index.php(13): CWebApplication->run()
REQUEST_URI=/apple/notification/create
in /var/www/apple/protected/controllers/NotificationController.php (76)
in /var/www/apple/index.php (13)
2013/07/03 17:17:42 [error] [php] stream_socket_client(): SSL operation failed with code 1. OpenSSL Error messages:
error:14094410:SSL routines:SSL3_READ_BYTES:sslv3 alert handshake failure (/var/www/apple/protected/controllers/NotificationController.php:112)
Stack trace:
#0 /var/www/apple/yii/framework/web/actions/CInlineAction.php(49): NotificationController->actionCreate()
#1 /var/www/apple/yii/framework/web/CController.php(308): CInlineAction->runWithParams()
#2 /var/www/apple/yii/framework/web/filters/CFilterChain.php(133): NotificationController->runAction()
#3 /var/www/apple/yii/framework/web/filters/CFilter.php(40): CFilterChain->run()
#4 /var/www/apple/yii/framework/web/CController.php(1145): CAccessControlFilter->filter()
#5 /var/www/apple/yii/framework/web/filters/CInlineFilter.php(58): NotificationController->filterAccessControl()
#6 /var/www/apple/yii/framework/web/filters/CFilterChain.php(130): CInlineFilter->filter()
#7 /var/www/apple/yii/framework/web/CController.php(291): CFilterChain->run()
#8 /var/www/apple/yii/framework/web/CController.php(265): NotificationController->runActionWithFilters()
#9 /var/www/apple/yii/framework/web/CWebApplication.php(282): NotificationController->run()
#10 /var/www/apple/yii/framework/web/CWebApplication.php(141): CWebApplication->runController()
#11 /var/www/apple/yii/framework/base/CApplication.php(169): CWebApplication->processRequest()
#12 /var/www/apple/index.php(13): CWebApplication->run()
REQUEST_URI=/apple/notification/create
in /var/www/apple/protected/controllers/NotificationController.php (112)
in /var/www/apple/protected/controllers/NotificationController.php (77)
in /var/www/apple/index.php (13)
2013/07/03 17:47:41 [error] [php] stream_socket_client(): SSL operation failed with code 1. OpenSSL Error messages:
error:14094410:SSL routines:SSL3_READ_BYTES:sslv3 alert handshake failure (/var/www/apple/protected/controllers/NotificationController.php:112)
Stack trace:
#0 /var/www/apple/yii/framework/web/actions/CInlineAction.php(49): NotificationController->actionCreate()
#1 /var/www/apple/yii/framework/web/CController.php(308): CInlineAction->runWithParams()
#2 /var/www/apple/yii/framework/web/filters/CFilterChain.php(133): NotificationController->runAction()
#3 /var/www/apple/yii/framework/web/filters/CFilter.php(40): CFilterChain->run()
#4 /var/www/apple/yii/framework/web/CController.php(1145): CAccessControlFilter->filter()
#5 /var/www/apple/yii/framework/web/filters/CInlineFilter.php(58): NotificationController->filterAccessControl()
#6 /var/www/apple/yii/framework/web/filters/CFilterChain.php(130): CInlineFilter->filter()
#7 /var/www/apple/yii/framework/web/CController.php(291): CFilterChain->run()
#8 /var/www/apple/yii/framework/web/CController.php(265): NotificationController->runActionWithFilters()
#9 /var/www/apple/yii/framework/web/CWebApplication.php(282): NotificationController->run()
#10 /var/www/apple/yii/framework/web/CWebApplication.php(141): CWebApplication->runController()
#11 /var/www/apple/yii/framework/base/CApplication.php(169): CWebApplication->processRequest()
#12 /var/www/apple/index.php(13): CWebApplication->run()
REQUEST_URI=/apple/notification/create
in /var/www/apple/protected/controllers/NotificationController.php (112)
in /var/www/apple/protected/controllers/NotificationController.php (77)
in /var/www/apple/index.php (13)
2013/07/03 18:00:30 [error] [php] stream_socket_client(): SSL operation failed with code 1. OpenSSL Error messages:
error:14094410:SSL routines:SSL3_READ_BYTES:sslv3 alert handshake failure (/var/www/apple/protected/controllers/NotificationController.php:112)
Stack trace:
#0 /var/www/apple/yii/framework/web/actions/CInlineAction.php(49): NotificationController->actionCreate()
#1 /var/www/apple/yii/framework/web/CController.php(308): CInlineAction->runWithParams()
#2 /var/www/apple/yii/framework/web/filters/CFilterChain.php(133): NotificationController->runAction()
#3 /var/www/apple/yii/framework/web/filters/CFilter.php(40): CFilterChain->run()
#4 /var/www/apple/yii/framework/web/CController.php(1145): CAccessControlFilter->filter()
#5 /var/www/apple/yii/framework/web/filters/CInlineFilter.php(58): NotificationController->filterAccessControl()
#6 /var/www/apple/yii/framework/web/filters/CFilterChain.php(130): CInlineFilter->filter()
#7 /var/www/apple/yii/framework/web/CController.php(291): CFilterChain->run()
#8 /var/www/apple/yii/framework/web/CController.php(265): NotificationController->runActionWithFilters()
#9 /var/www/apple/yii/framework/web/CWebApplication.php(282): NotificationController->run()
#10 /var/www/apple/yii/framework/web/CWebApplication.php(141): CWebApplication->runController()
#11 /var/www/apple/yii/framework/base/CApplication.php(169): CWebApplication->processRequest()
#12 /var/www/apple/index.php(13): CWebApplication->run()
REQUEST_URI=/apple/notification/create
in /var/www/apple/protected/controllers/NotificationController.php (112)
in /var/www/apple/protected/controllers/NotificationController.php (77)
in /var/www/apple/index.php (13)
2013/07/03 18:03:21 [error] [php] stream_socket_client(): SSL operation failed with code 1. OpenSSL Error messages:
error:14094410:SSL routines:SSL3_READ_BYTES:sslv3 alert handshake failure (/var/www/apple/protected/controllers/NotificationController.php:112)
Stack trace:
#0 /var/www/apple/yii/framework/web/actions/CInlineAction.php(49): NotificationController->actionCreate()
#1 /var/www/apple/yii/framework/web/CController.php(308): CInlineAction->runWithParams()
#2 /var/www/apple/yii/framework/web/filters/CFilterChain.php(133): NotificationController->runAction()
#3 /var/www/apple/yii/framework/web/filters/CFilter.php(40): CFilterChain->run()
#4 /var/www/apple/yii/framework/web/CController.php(1145): CAccessControlFilter->filter()
#5 /var/www/apple/yii/framework/web/filters/CInlineFilter.php(58): NotificationController->filterAccessControl()
#6 /var/www/apple/yii/framework/web/filters/CFilterChain.php(130): CInlineFilter->filter()
#7 /var/www/apple/yii/framework/web/CController.php(291): CFilterChain->run()
#8 /var/www/apple/yii/framework/web/CController.php(265): NotificationController->runActionWithFilters()
#9 /var/www/apple/yii/framework/web/CWebApplication.php(282): NotificationController->run()
#10 /var/www/apple/yii/framework/web/CWebApplication.php(141): CWebApplication->runController()
#11 /var/www/apple/yii/framework/base/CApplication.php(169): CWebApplication->processRequest()
#12 /var/www/apple/index.php(13): CWebApplication->run()
REQUEST_URI=/apple/notification/create
in /var/www/apple/protected/controllers/NotificationController.php (112)
in /var/www/apple/protected/controllers/NotificationController.php (77)
in /var/www/apple/index.php (13)
2013/07/03 18:04:03 [error] [php] stream_socket_client(): SSL operation failed with code 1. OpenSSL Error messages:
error:14094410:SSL routines:SSL3_READ_BYTES:sslv3 alert handshake failure (/var/www/apple/protected/controllers/NotificationController.php:112)
Stack trace:
#0 /var/www/apple/yii/framework/web/actions/CInlineAction.php(49): NotificationController->actionCreate()
#1 /var/www/apple/yii/framework/web/CController.php(308): CInlineAction->runWithParams()
#2 /var/www/apple/yii/framework/web/filters/CFilterChain.php(133): NotificationController->runAction()
#3 /var/www/apple/yii/framework/web/filters/CFilter.php(40): CFilterChain->run()
#4 /var/www/apple/yii/framework/web/CController.php(1145): CAccessControlFilter->filter()
#5 /var/www/apple/yii/framework/web/filters/CInlineFilter.php(58): NotificationController->filterAccessControl()
#6 /var/www/apple/yii/framework/web/filters/CFilterChain.php(130): CInlineFilter->filter()
#7 /var/www/apple/yii/framework/web/CController.php(291): CFilterChain->run()
#8 /var/www/apple/yii/framework/web/CController.php(265): NotificationController->runActionWithFilters()
#9 /var/www/apple/yii/framework/web/CWebApplication.php(282): NotificationController->run()
#10 /var/www/apple/yii/framework/web/CWebApplication.php(141): CWebApplication->runController()
#11 /var/www/apple/yii/framework/base/CApplication.php(169): CWebApplication->processRequest()
#12 /var/www/apple/index.php(13): CWebApplication->run()
REQUEST_URI=/apple/notification/create
in /var/www/apple/protected/controllers/NotificationController.php (112)
in /var/www/apple/protected/controllers/NotificationController.php (77)
in /var/www/apple/index.php (13)
2013/07/03 18:13:55 [error] [php] pack(): Type H: illegal hex digit w (/var/www/apple/protected/controllers/NotificationController.php:130)
Stack trace:
#0 /var/www/apple/yii/framework/web/actions/CInlineAction.php(49): NotificationController->actionCreate()
#1 /var/www/apple/yii/framework/web/CController.php(308): CInlineAction->runWithParams()
#2 /var/www/apple/yii/framework/web/filters/CFilterChain.php(133): NotificationController->runAction()
#3 /var/www/apple/yii/framework/web/filters/CFilter.php(40): CFilterChain->run()
#4 /var/www/apple/yii/framework/web/CController.php(1145): CAccessControlFilter->filter()
#5 /var/www/apple/yii/framework/web/filters/CInlineFilter.php(58): NotificationController->filterAccessControl()
#6 /var/www/apple/yii/framework/web/filters/CFilterChain.php(130): CInlineFilter->filter()
#7 /var/www/apple/yii/framework/web/CController.php(291): CFilterChain->run()
#8 /var/www/apple/yii/framework/web/CController.php(265): NotificationController->runActionWithFilters()
#9 /var/www/apple/yii/framework/web/CWebApplication.php(282): NotificationController->run()
#10 /var/www/apple/yii/framework/web/CWebApplication.php(141): CWebApplication->runController()
#11 /var/www/apple/yii/framework/base/CApplication.php(169): CWebApplication->processRequest()
#12 /var/www/apple/index.php(13): CWebApplication->run()
REQUEST_URI=/apple/notification/create
in /var/www/apple/protected/controllers/NotificationController.php (130)
in /var/www/apple/protected/controllers/NotificationController.php (77)
in /var/www/apple/index.php (13)
2013/07/03 18:26:57 [error] [php] stream_socket_client(): php_network_getaddresses: getaddrinfo failed: Name or service not known (/var/www/apple/protected/controllers/NotificationController.php:112)
Stack trace:
#0 /var/www/apple/yii/framework/web/actions/CInlineAction.php(49): NotificationController->actionCreate()
#1 /var/www/apple/yii/framework/web/CController.php(308): CInlineAction->runWithParams()
#2 /var/www/apple/yii/framework/web/filters/CFilterChain.php(133): NotificationController->runAction()
#3 /var/www/apple/yii/framework/web/filters/CFilter.php(40): CFilterChain->run()
#4 /var/www/apple/yii/framework/web/CController.php(1145): CAccessControlFilter->filter()
#5 /var/www/apple/yii/framework/web/filters/CInlineFilter.php(58): NotificationController->filterAccessControl()
#6 /var/www/apple/yii/framework/web/filters/CFilterChain.php(130): CInlineFilter->filter()
#7 /var/www/apple/yii/framework/web/CController.php(291): CFilterChain->run()
#8 /var/www/apple/yii/framework/web/CController.php(265): NotificationController->runActionWithFilters()
#9 /var/www/apple/yii/framework/web/CWebApplication.php(282): NotificationController->run()
#10 /var/www/apple/yii/framework/web/CWebApplication.php(141): CWebApplication->runController()
#11 /var/www/apple/yii/framework/base/CApplication.php(169): CWebApplication->processRequest()
#12 /var/www/apple/index.php(13): CWebApplication->run()
REQUEST_URI=/apple/notification/create
in /var/www/apple/protected/controllers/NotificationController.php (112)
in /var/www/apple/protected/controllers/NotificationController.php (77)
in /var/www/apple/index.php (13)
2013/07/03 18:27:32 [error] [php] stream_socket_client(): SSL operation failed with code 1. OpenSSL Error messages:
error:14094410:SSL routines:SSL3_READ_BYTES:sslv3 alert handshake failure (/var/www/apple/protected/controllers/NotificationController.php:112)
Stack trace:
#0 /var/www/apple/yii/framework/web/actions/CInlineAction.php(49): NotificationController->actionCreate()
#1 /var/www/apple/yii/framework/web/CController.php(308): CInlineAction->runWithParams()
#2 /var/www/apple/yii/framework/web/filters/CFilterChain.php(133): NotificationController->runAction()
#3 /var/www/apple/yii/framework/web/filters/CFilter.php(40): CFilterChain->run()
#4 /var/www/apple/yii/framework/web/CController.php(1145): CAccessControlFilter->filter()
#5 /var/www/apple/yii/framework/web/filters/CInlineFilter.php(58): NotificationController->filterAccessControl()
#6 /var/www/apple/yii/framework/web/filters/CFilterChain.php(130): CInlineFilter->filter()
#7 /var/www/apple/yii/framework/web/CController.php(291): CFilterChain->run()
#8 /var/www/apple/yii/framework/web/CController.php(265): NotificationController->runActionWithFilters()
#9 /var/www/apple/yii/framework/web/CWebApplication.php(282): NotificationController->run()
#10 /var/www/apple/yii/framework/web/CWebApplication.php(141): CWebApplication->runController()
#11 /var/www/apple/yii/framework/base/CApplication.php(169): CWebApplication->processRequest()
#12 /var/www/apple/index.php(13): CWebApplication->run()
REQUEST_URI=/apple/notification/create
in /var/www/apple/protected/controllers/NotificationController.php (112)
in /var/www/apple/protected/controllers/NotificationController.php (77)
in /var/www/apple/index.php (13)
2013/07/03 18:31:24 [error] [php] stream_socket_client(): php_network_getaddresses: getaddrinfo failed: Name or service not known (/var/www/apple/protected/controllers/NotificationController.php:112)
Stack trace:
#0 /var/www/apple/yii/framework/web/actions/CInlineAction.php(49): NotificationController->actionCreate()
#1 /var/www/apple/yii/framework/web/CController.php(308): CInlineAction->runWithParams()
#2 /var/www/apple/yii/framework/web/filters/CFilterChain.php(133): NotificationController->runAction()
#3 /var/www/apple/yii/framework/web/filters/CFilter.php(40): CFilterChain->run()
#4 /var/www/apple/yii/framework/web/CController.php(1145): CAccessControlFilter->filter()
#5 /var/www/apple/yii/framework/web/filters/CInlineFilter.php(58): NotificationController->filterAccessControl()
#6 /var/www/apple/yii/framework/web/filters/CFilterChain.php(130): CInlineFilter->filter()
#7 /var/www/apple/yii/framework/web/CController.php(291): CFilterChain->run()
#8 /var/www/apple/yii/framework/web/CController.php(265): NotificationController->runActionWithFilters()
#9 /var/www/apple/yii/framework/web/CWebApplication.php(282): NotificationController->run()
#10 /var/www/apple/yii/framework/web/CWebApplication.php(141): CWebApplication->runController()
#11 /var/www/apple/yii/framework/base/CApplication.php(169): CWebApplication->processRequest()
#12 /var/www/apple/index.php(13): CWebApplication->run()
REQUEST_URI=/apple/notification/create
in /var/www/apple/protected/controllers/NotificationController.php (112)
in /var/www/apple/protected/controllers/NotificationController.php (77)
in /var/www/apple/index.php (13)
2013/07/03 18:32:14 [error] [php] stream_socket_client(): SSL operation failed with code 1. OpenSSL Error messages:
error:14094410:SSL routines:SSL3_READ_BYTES:sslv3 alert handshake failure (/var/www/apple/protected/controllers/NotificationController.php:112)
Stack trace:
#0 /var/www/apple/yii/framework/web/actions/CInlineAction.php(49): NotificationController->actionCreate()
#1 /var/www/apple/yii/framework/web/CController.php(308): CInlineAction->runWithParams()
#2 /var/www/apple/yii/framework/web/filters/CFilterChain.php(133): NotificationController->runAction()
#3 /var/www/apple/yii/framework/web/filters/CFilter.php(40): CFilterChain->run()
#4 /var/www/apple/yii/framework/web/CController.php(1145): CAccessControlFilter->filter()
#5 /var/www/apple/yii/framework/web/filters/CInlineFilter.php(58): NotificationController->filterAccessControl()
#6 /var/www/apple/yii/framework/web/filters/CFilterChain.php(130): CInlineFilter->filter()
#7 /var/www/apple/yii/framework/web/CController.php(291): CFilterChain->run()
#8 /var/www/apple/yii/framework/web/CController.php(265): NotificationController->runActionWithFilters()
#9 /var/www/apple/yii/framework/web/CWebApplication.php(282): NotificationController->run()
#10 /var/www/apple/yii/framework/web/CWebApplication.php(141): CWebApplication->runController()
#11 /var/www/apple/yii/framework/base/CApplication.php(169): CWebApplication->processRequest()
#12 /var/www/apple/index.php(13): CWebApplication->run()
REQUEST_URI=/apple/notification/create
in /var/www/apple/protected/controllers/NotificationController.php (112)
in /var/www/apple/protected/controllers/NotificationController.php (77)
in /var/www/apple/index.php (13)
2013/07/03 19:03:15 [error] [php] stream_socket_client(): SSL operation failed with code 1. OpenSSL Error messages:
error:14094410:SSL routines:SSL3_READ_BYTES:sslv3 alert handshake failure (/var/www/apple/protected/controllers/NotificationController.php:112)
Stack trace:
#0 /var/www/apple/yii/framework/web/actions/CInlineAction.php(49): NotificationController->actionCreate()
#1 /var/www/apple/yii/framework/web/CController.php(308): CInlineAction->runWithParams()
#2 /var/www/apple/yii/framework/web/filters/CFilterChain.php(133): NotificationController->runAction()
#3 /var/www/apple/yii/framework/web/filters/CFilter.php(40): CFilterChain->run()
#4 /var/www/apple/yii/framework/web/CController.php(1145): CAccessControlFilter->filter()
#5 /var/www/apple/yii/framework/web/filters/CInlineFilter.php(58): NotificationController->filterAccessControl()
#6 /var/www/apple/yii/framework/web/filters/CFilterChain.php(130): CInlineFilter->filter()
#7 /var/www/apple/yii/framework/web/CController.php(291): CFilterChain->run()
#8 /var/www/apple/yii/framework/web/CController.php(265): NotificationController->runActionWithFilters()
#9 /var/www/apple/yii/framework/web/CWebApplication.php(282): NotificationController->run()
#10 /var/www/apple/yii/framework/web/CWebApplication.php(141): CWebApplication->runController()
#11 /var/www/apple/yii/framework/base/CApplication.php(169): CWebApplication->processRequest()
#12 /var/www/apple/index.php(13): CWebApplication->run()
REQUEST_URI=/apple/notification/create
in /var/www/apple/protected/controllers/NotificationController.php (112)
in /var/www/apple/protected/controllers/NotificationController.php (77)
in /var/www/apple/index.php (13)
2013/07/04 12:29:15 [error] [php] stream_socket_client(): php_network_getaddresses: getaddrinfo failed: Name or service not known (/var/www/apple/protected/controllers/NotificationController.php:161)
Stack trace:
#0 /var/www/apple/yii/framework/web/actions/CInlineAction.php(49): NotificationController->actionCreate()
#1 /var/www/apple/yii/framework/web/CController.php(308): CInlineAction->runWithParams()
#2 /var/www/apple/yii/framework/web/filters/CFilterChain.php(133): NotificationController->runAction()
#3 /var/www/apple/yii/framework/web/filters/CFilter.php(40): CFilterChain->run()
#4 /var/www/apple/yii/framework/web/CController.php(1145): CAccessControlFilter->filter()
#5 /var/www/apple/yii/framework/web/filters/CInlineFilter.php(58): NotificationController->filterAccessControl()
#6 /var/www/apple/yii/framework/web/filters/CFilterChain.php(130): CInlineFilter->filter()
#7 /var/www/apple/yii/framework/web/CController.php(291): CFilterChain->run()
#8 /var/www/apple/yii/framework/web/CController.php(265): NotificationController->runActionWithFilters()
#9 /var/www/apple/yii/framework/web/CWebApplication.php(282): NotificationController->run()
#10 /var/www/apple/yii/framework/web/CWebApplication.php(141): CWebApplication->runController()
#11 /var/www/apple/yii/framework/base/CApplication.php(169): CWebApplication->processRequest()
#12 /var/www/apple/index.php(13): CWebApplication->run()
REQUEST_URI=/apple/notification/create
in /var/www/apple/protected/controllers/NotificationController.php (161)
in /var/www/apple/protected/controllers/NotificationController.php (76)
in /var/www/apple/index.php (13)
2013/07/04 13:31:59 [error] [php] stream_socket_client(): php_network_getaddresses: getaddrinfo failed: Name or service not known (/var/www/apple/protected/controllers/NotificationController.php:161)
Stack trace:
#0 /var/www/apple/yii/framework/web/actions/CInlineAction.php(49): NotificationController->actionCreate()
#1 /var/www/apple/yii/framework/web/CController.php(308): CInlineAction->runWithParams()
#2 /var/www/apple/yii/framework/web/filters/CFilterChain.php(133): NotificationController->runAction()
#3 /var/www/apple/yii/framework/web/filters/CFilter.php(40): CFilterChain->run()
#4 /var/www/apple/yii/framework/web/CController.php(1145): CAccessControlFilter->filter()
#5 /var/www/apple/yii/framework/web/filters/CInlineFilter.php(58): NotificationController->filterAccessControl()
#6 /var/www/apple/yii/framework/web/filters/CFilterChain.php(130): CInlineFilter->filter()
#7 /var/www/apple/yii/framework/web/CController.php(291): CFilterChain->run()
#8 /var/www/apple/yii/framework/web/CController.php(265): NotificationController->runActionWithFilters()
#9 /var/www/apple/yii/framework/web/CWebApplication.php(282): NotificationController->run()
#10 /var/www/apple/yii/framework/web/CWebApplication.php(141): CWebApplication->runController()
#11 /var/www/apple/yii/framework/base/CApplication.php(169): CWebApplication->processRequest()
#12 /var/www/apple/index.php(13): CWebApplication->run()
REQUEST_URI=/apple/notification/create
in /var/www/apple/protected/controllers/NotificationController.php (161)
in /var/www/apple/protected/controllers/NotificationController.php (76)
in /var/www/apple/index.php (13)
2013/07/04 14:31:42 [error] [php] stream_socket_client(): php_network_getaddresses: getaddrinfo failed: Name or service not known (/var/www/apple/protected/controllers/NotificationController.php:161)
Stack trace:
#0 /var/www/apple/yii/framework/web/actions/CInlineAction.php(49): NotificationController->actionCreate()
#1 /var/www/apple/yii/framework/web/CController.php(308): CInlineAction->runWithParams()
#2 /var/www/apple/yii/framework/web/filters/CFilterChain.php(133): NotificationController->runAction()
#3 /var/www/apple/yii/framework/web/filters/CFilter.php(40): CFilterChain->run()
#4 /var/www/apple/yii/framework/web/CController.php(1145): CAccessControlFilter->filter()
#5 /var/www/apple/yii/framework/web/filters/CInlineFilter.php(58): NotificationController->filterAccessControl()
#6 /var/www/apple/yii/framework/web/filters/CFilterChain.php(130): CInlineFilter->filter()
#7 /var/www/apple/yii/framework/web/CController.php(291): CFilterChain->run()
#8 /var/www/apple/yii/framework/web/CController.php(265): NotificationController->runActionWithFilters()
#9 /var/www/apple/yii/framework/web/CWebApplication.php(282): NotificationController->run()
#10 /var/www/apple/yii/framework/web/CWebApplication.php(141): CWebApplication->runController()
#11 /var/www/apple/yii/framework/base/CApplication.php(169): CWebApplication->processRequest()
#12 /var/www/apple/index.php(13): CWebApplication->run()
REQUEST_URI=/apple/notification/create
in /var/www/apple/protected/controllers/NotificationController.php (161)
in /var/www/apple/protected/controllers/NotificationController.php (76)
in /var/www/apple/index.php (13)
2013/07/04 14:33:52 [error] [php] stream_socket_client(): php_network_getaddresses: getaddrinfo failed: Name or service not known (/var/www/apple/protected/controllers/NotificationController.php:161)
Stack trace:
#0 /var/www/apple/yii/framework/web/actions/CInlineAction.php(49): NotificationController->actionCreate()
#1 /var/www/apple/yii/framework/web/CController.php(308): CInlineAction->runWithParams()
#2 /var/www/apple/yii/framework/web/filters/CFilterChain.php(133): NotificationController->runAction()
#3 /var/www/apple/yii/framework/web/filters/CFilter.php(40): CFilterChain->run()
#4 /var/www/apple/yii/framework/web/CController.php(1145): CAccessControlFilter->filter()
#5 /var/www/apple/yii/framework/web/filters/CInlineFilter.php(58): NotificationController->filterAccessControl()
#6 /var/www/apple/yii/framework/web/filters/CFilterChain.php(130): CInlineFilter->filter()
#7 /var/www/apple/yii/framework/web/CController.php(291): CFilterChain->run()
#8 /var/www/apple/yii/framework/web/CController.php(265): NotificationController->runActionWithFilters()
#9 /var/www/apple/yii/framework/web/CWebApplication.php(282): NotificationController->run()
#10 /var/www/apple/yii/framework/web/CWebApplication.php(141): CWebApplication->runController()
#11 /var/www/apple/yii/framework/base/CApplication.php(169): CWebApplication->processRequest()
#12 /var/www/apple/index.php(13): CWebApplication->run()
REQUEST_URI=/apple/notification/create
in /var/www/apple/protected/controllers/NotificationController.php (161)
in /var/www/apple/protected/controllers/NotificationController.php (76)
in /var/www/apple/index.php (13)
2013/07/04 14:36:48 [error] [php] stream_socket_client(): php_network_getaddresses: getaddrinfo failed: Name or service not known (/var/www/apple/protected/controllers/NotificationController.php:161)
Stack trace:
#0 /var/www/apple/yii/framework/web/actions/CInlineAction.php(49): NotificationController->actionCreate()
#1 /var/www/apple/yii/framework/web/CController.php(308): CInlineAction->runWithParams()
#2 /var/www/apple/yii/framework/web/filters/CFilterChain.php(133): NotificationController->runAction()
#3 /var/www/apple/yii/framework/web/filters/CFilter.php(40): CFilterChain->run()
#4 /var/www/apple/yii/framework/web/CController.php(1145): CAccessControlFilter->filter()
#5 /var/www/apple/yii/framework/web/filters/CInlineFilter.php(58): NotificationController->filterAccessControl()
#6 /var/www/apple/yii/framework/web/filters/CFilterChain.php(130): CInlineFilter->filter()
#7 /var/www/apple/yii/framework/web/CController.php(291): CFilterChain->run()
#8 /var/www/apple/yii/framework/web/CController.php(265): NotificationController->runActionWithFilters()
#9 /var/www/apple/yii/framework/web/CWebApplication.php(282): NotificationController->run()
#10 /var/www/apple/yii/framework/web/CWebApplication.php(141): CWebApplication->runController()
#11 /var/www/apple/yii/framework/base/CApplication.php(169): CWebApplication->processRequest()
#12 /var/www/apple/index.php(13): CWebApplication->run()
REQUEST_URI=/apple/notification/create
in /var/www/apple/protected/controllers/NotificationController.php (161)
in /var/www/apple/protected/controllers/NotificationController.php (76)
in /var/www/apple/index.php (13)
2013/07/04 14:45:46 [error] [php] stream_socket_client(): php_network_getaddresses: getaddrinfo failed: Name or service not known (/var/www/apple/protected/controllers/NotificationController.php:161)
Stack trace:
#0 /var/www/apple/yii/framework/web/actions/CInlineAction.php(49): NotificationController->actionCreate()
#1 /var/www/apple/yii/framework/web/CController.php(308): CInlineAction->runWithParams()
#2 /var/www/apple/yii/framework/web/filters/CFilterChain.php(133): NotificationController->runAction()
#3 /var/www/apple/yii/framework/web/filters/CFilter.php(40): CFilterChain->run()
#4 /var/www/apple/yii/framework/web/CController.php(1145): CAccessControlFilter->filter()
#5 /var/www/apple/yii/framework/web/filters/CInlineFilter.php(58): NotificationController->filterAccessControl()
#6 /var/www/apple/yii/framework/web/filters/CFilterChain.php(130): CInlineFilter->filter()
#7 /var/www/apple/yii/framework/web/CController.php(291): CFilterChain->run()
#8 /var/www/apple/yii/framework/web/CController.php(265): NotificationController->runActionWithFilters()
#9 /var/www/apple/yii/framework/web/CWebApplication.php(282): NotificationController->run()
#10 /var/www/apple/yii/framework/web/CWebApplication.php(141): CWebApplication->runController()
#11 /var/www/apple/yii/framework/base/CApplication.php(169): CWebApplication->processRequest()
#12 /var/www/apple/index.php(13): CWebApplication->run()
REQUEST_URI=/apple/notification/create
in /var/www/apple/protected/controllers/NotificationController.php (161)
in /var/www/apple/protected/controllers/NotificationController.php (76)
in /var/www/apple/index.php (13)
2013/07/04 14:47:02 [error] [php] fopen() expects at least 2 parameters, 1 given (/var/www/apple/protected/controllers/NotificationController.php:168)
Stack trace:
#0 /var/www/apple/yii/framework/web/actions/CInlineAction.php(49): NotificationController->actionCreate()
#1 /var/www/apple/yii/framework/web/CController.php(308): CInlineAction->runWithParams()
#2 /var/www/apple/yii/framework/web/filters/CFilterChain.php(133): NotificationController->runAction()
#3 /var/www/apple/yii/framework/web/filters/CFilter.php(40): CFilterChain->run()
#4 /var/www/apple/yii/framework/web/CController.php(1145): CAccessControlFilter->filter()
#5 /var/www/apple/yii/framework/web/filters/CInlineFilter.php(58): NotificationController->filterAccessControl()
#6 /var/www/apple/yii/framework/web/filters/CFilterChain.php(130): CInlineFilter->filter()
#7 /var/www/apple/yii/framework/web/CController.php(291): CFilterChain->run()
#8 /var/www/apple/yii/framework/web/CController.php(265): NotificationController->runActionWithFilters()
#9 /var/www/apple/yii/framework/web/CWebApplication.php(282): NotificationController->run()
#10 /var/www/apple/yii/framework/web/CWebApplication.php(141): CWebApplication->runController()
#11 /var/www/apple/yii/framework/base/CApplication.php(169): CWebApplication->processRequest()
#12 /var/www/apple/index.php(13): CWebApplication->run()
REQUEST_URI=/apple/notification/create
in /var/www/apple/protected/controllers/NotificationController.php (168)
in /var/www/apple/protected/controllers/NotificationController.php (76)
in /var/www/apple/index.php (13)
2013/07/04 14:47:26 [error] [php] fopen() expects parameter 1 to be string, resource given (/var/www/apple/protected/controllers/NotificationController.php:168)
Stack trace:
#0 /var/www/apple/yii/framework/web/actions/CInlineAction.php(49): NotificationController->actionCreate()
#1 /var/www/apple/yii/framework/web/CController.php(308): CInlineAction->runWithParams()
#2 /var/www/apple/yii/framework/web/filters/CFilterChain.php(133): NotificationController->runAction()
#3 /var/www/apple/yii/framework/web/filters/CFilter.php(40): CFilterChain->run()
#4 /var/www/apple/yii/framework/web/CController.php(1145): CAccessControlFilter->filter()
#5 /var/www/apple/yii/framework/web/filters/CInlineFilter.php(58): NotificationController->filterAccessControl()
#6 /var/www/apple/yii/framework/web/filters/CFilterChain.php(130): CInlineFilter->filter()
#7 /var/www/apple/yii/framework/web/CController.php(291): CFilterChain->run()
#8 /var/www/apple/yii/framework/web/CController.php(265): NotificationController->runActionWithFilters()
#9 /var/www/apple/yii/framework/web/CWebApplication.php(282): NotificationController->run()
#10 /var/www/apple/yii/framework/web/CWebApplication.php(141): CWebApplication->runController()
#11 /var/www/apple/yii/framework/base/CApplication.php(169): CWebApplication->processRequest()
#12 /var/www/apple/index.php(13): CWebApplication->run()
REQUEST_URI=/apple/notification/create
in /var/www/apple/protected/controllers/NotificationController.php (168)
in /var/www/apple/protected/controllers/NotificationController.php (76)
in /var/www/apple/index.php (13)
2013/07/04 15:11:34 [error] [php] stream_socket_client(): php_network_getaddresses: getaddrinfo failed: Name or service not known (/var/www/apple/protected/controllers/NotificationController.php:161)
Stack trace:
#0 /var/www/apple/yii/framework/web/actions/CInlineAction.php(49): NotificationController->actionCreate()
#1 /var/www/apple/yii/framework/web/CController.php(308): CInlineAction->runWithParams()
#2 /var/www/apple/yii/framework/web/filters/CFilterChain.php(133): NotificationController->runAction()
#3 /var/www/apple/yii/framework/web/filters/CFilter.php(40): CFilterChain->run()
#4 /var/www/apple/yii/framework/web/CController.php(1145): CAccessControlFilter->filter()
#5 /var/www/apple/yii/framework/web/filters/CInlineFilter.php(58): NotificationController->filterAccessControl()
#6 /var/www/apple/yii/framework/web/filters/CFilterChain.php(130): CInlineFilter->filter()
#7 /var/www/apple/yii/framework/web/CController.php(291): CFilterChain->run()
#8 /var/www/apple/yii/framework/web/CController.php(265): NotificationController->runActionWithFilters()
#9 /var/www/apple/yii/framework/web/CWebApplication.php(282): NotificationController->run()
#10 /var/www/apple/yii/framework/web/CWebApplication.php(141): CWebApplication->runController()
#11 /var/www/apple/yii/framework/base/CApplication.php(169): CWebApplication->processRequest()
#12 /var/www/apple/index.php(13): CWebApplication->run()
REQUEST_URI=/apple/notification/create
in /var/www/apple/protected/controllers/NotificationController.php (161)
in /var/www/apple/protected/controllers/NotificationController.php (76)
in /var/www/apple/index.php (13)
2013/07/04 15:12:46 [error] [php] stream_socket_client(): php_network_getaddresses: getaddrinfo failed: Name or service not known (/var/www/apple/protected/controllers/NotificationController.php:161)
Stack trace:
#0 /var/www/apple/yii/framework/web/actions/CInlineAction.php(49): NotificationController->actionCreate()
#1 /var/www/apple/yii/framework/web/CController.php(308): CInlineAction->runWithParams()
#2 /var/www/apple/yii/framework/web/filters/CFilterChain.php(133): NotificationController->runAction()
#3 /var/www/apple/yii/framework/web/filters/CFilter.php(40): CFilterChain->run()
#4 /var/www/apple/yii/framework/web/CController.php(1145): CAccessControlFilter->filter()
#5 /var/www/apple/yii/framework/web/filters/CInlineFilter.php(58): NotificationController->filterAccessControl()
#6 /var/www/apple/yii/framework/web/filters/CFilterChain.php(130): CInlineFilter->filter()
#7 /var/www/apple/yii/framework/web/CController.php(291): CFilterChain->run()
#8 /var/www/apple/yii/framework/web/CController.php(265): NotificationController->runActionWithFilters()
#9 /var/www/apple/yii/framework/web/CWebApplication.php(282): NotificationController->run()
#10 /var/www/apple/yii/framework/web/CWebApplication.php(141): CWebApplication->runController()
#11 /var/www/apple/yii/framework/base/CApplication.php(169): CWebApplication->processRequest()
#12 /var/www/apple/index.php(13): CWebApplication->run()
REQUEST_URI=/apple/notification/create
in /var/www/apple/protected/controllers/NotificationController.php (161)
in /var/www/apple/protected/controllers/NotificationController.php (76)
in /var/www/apple/index.php (13)
2013/07/04 15:16:38 [error] [php] stream_socket_client(): php_network_getaddresses: getaddrinfo failed: Name or service not known (/var/www/apple/protected/controllers/NotificationController.php:161)
Stack trace:
#0 /var/www/apple/yii/framework/web/actions/CInlineAction.php(49): NotificationController->actionCreate()
#1 /var/www/apple/yii/framework/web/CController.php(308): CInlineAction->runWithParams()
#2 /var/www/apple/yii/framework/web/filters/CFilterChain.php(133): NotificationController->runAction()
#3 /var/www/apple/yii/framework/web/filters/CFilter.php(40): CFilterChain->run()
#4 /var/www/apple/yii/framework/web/CController.php(1145): CAccessControlFilter->filter()
#5 /var/www/apple/yii/framework/web/filters/CInlineFilter.php(58): NotificationController->filterAccessControl()
#6 /var/www/apple/yii/framework/web/filters/CFilterChain.php(130): CInlineFilter->filter()
#7 /var/www/apple/yii/framework/web/CController.php(291): CFilterChain->run()
#8 /var/www/apple/yii/framework/web/CController.php(265): NotificationController->runActionWithFilters()
#9 /var/www/apple/yii/framework/web/CWebApplication.php(282): NotificationController->run()
#10 /var/www/apple/yii/framework/web/CWebApplication.php(141): CWebApplication->runController()
#11 /var/www/apple/yii/framework/base/CApplication.php(169): CWebApplication->processRequest()
#12 /var/www/apple/index.php(13): CWebApplication->run()
REQUEST_URI=/apple/notification/create
in /var/www/apple/protected/controllers/NotificationController.php (161)
in /var/www/apple/protected/controllers/NotificationController.php (76)
in /var/www/apple/index.php (13)
2013/07/04 15:20:11 [error] [php] stream_socket_client(): php_network_getaddresses: getaddrinfo failed: Name or service not known (/var/www/apple/protected/controllers/NotificationController.php:112)
Stack trace:
#0 /var/www/apple/yii/framework/web/actions/CInlineAction.php(49): NotificationController->actionCreate()
#1 /var/www/apple/yii/framework/web/CController.php(308): CInlineAction->runWithParams()
#2 /var/www/apple/yii/framework/web/filters/CFilterChain.php(133): NotificationController->runAction()
#3 /var/www/apple/yii/framework/web/filters/CFilter.php(40): CFilterChain->run()
#4 /var/www/apple/yii/framework/web/CController.php(1145): CAccessControlFilter->filter()
#5 /var/www/apple/yii/framework/web/filters/CInlineFilter.php(58): NotificationController->filterAccessControl()
#6 /var/www/apple/yii/framework/web/filters/CFilterChain.php(130): CInlineFilter->filter()
#7 /var/www/apple/yii/framework/web/CController.php(291): CFilterChain->run()
#8 /var/www/apple/yii/framework/web/CController.php(265): NotificationController->runActionWithFilters()
#9 /var/www/apple/yii/framework/web/CWebApplication.php(282): NotificationController->run()
#10 /var/www/apple/yii/framework/web/CWebApplication.php(141): CWebApplication->runController()
#11 /var/www/apple/yii/framework/base/CApplication.php(169): CWebApplication->processRequest()
#12 /var/www/apple/index.php(13): CWebApplication->run()
REQUEST_URI=/apple/notification/create
in /var/www/apple/protected/controllers/NotificationController.php (112)
in /var/www/apple/protected/controllers/NotificationController.php (78)
in /var/www/apple/index.php (13)
2013/07/04 15:23:57 [error] [php] stream_socket_client(): php_network_getaddresses: getaddrinfo failed: Name or service not known (/var/www/apple/protected/controllers/NotificationController.php:112)
Stack trace:
#0 /var/www/apple/yii/framework/web/actions/CInlineAction.php(49): NotificationController->actionCreate()
#1 /var/www/apple/yii/framework/web/CController.php(308): CInlineAction->runWithParams()
#2 /var/www/apple/yii/framework/web/filters/CFilterChain.php(133): NotificationController->runAction()
#3 /var/www/apple/yii/framework/web/filters/CFilter.php(40): CFilterChain->run()
#4 /var/www/apple/yii/framework/web/CController.php(1145): CAccessControlFilter->filter()
#5 /var/www/apple/yii/framework/web/filters/CInlineFilter.php(58): NotificationController->filterAccessControl()
#6 /var/www/apple/yii/framework/web/filters/CFilterChain.php(130): CInlineFilter->filter()
#7 /var/www/apple/yii/framework/web/CController.php(291): CFilterChain->run()
#8 /var/www/apple/yii/framework/web/CController.php(265): NotificationController->runActionWithFilters()
#9 /var/www/apple/yii/framework/web/CWebApplication.php(282): NotificationController->run()
#10 /var/www/apple/yii/framework/web/CWebApplication.php(141): CWebApplication->runController()
#11 /var/www/apple/yii/framework/base/CApplication.php(169): CWebApplication->processRequest()
#12 /var/www/apple/index.php(13): CWebApplication->run()
REQUEST_URI=/apple/notification/create
in /var/www/apple/protected/controllers/NotificationController.php (112)
in /var/www/apple/protected/controllers/NotificationController.php (78)
in /var/www/apple/index.php (13)
2013/07/04 15:37:36 [error] [php] stream_socket_client(): php_network_getaddresses: getaddrinfo failed: Name or service not known (/var/www/apple/protected/controllers/NotificationController.php:161)
Stack trace:
#0 /var/www/apple/yii/framework/web/actions/CInlineAction.php(49): NotificationController->actionCreate()
#1 /var/www/apple/yii/framework/web/CController.php(308): CInlineAction->runWithParams()
#2 /var/www/apple/yii/framework/web/filters/CFilterChain.php(133): NotificationController->runAction()
#3 /var/www/apple/yii/framework/web/filters/CFilter.php(40): CFilterChain->run()
#4 /var/www/apple/yii/framework/web/CController.php(1145): CAccessControlFilter->filter()
#5 /var/www/apple/yii/framework/web/filters/CInlineFilter.php(58): NotificationController->filterAccessControl()
#6 /var/www/apple/yii/framework/web/filters/CFilterChain.php(130): CInlineFilter->filter()
#7 /var/www/apple/yii/framework/web/CController.php(291): CFilterChain->run()
#8 /var/www/apple/yii/framework/web/CController.php(265): NotificationController->runActionWithFilters()
#9 /var/www/apple/yii/framework/web/CWebApplication.php(282): NotificationController->run()
#10 /var/www/apple/yii/framework/web/CWebApplication.php(141): CWebApplication->runController()
#11 /var/www/apple/yii/framework/base/CApplication.php(169): CWebApplication->processRequest()
#12 /var/www/apple/index.php(13): CWebApplication->run()
REQUEST_URI=/apple/notification/create
in /var/www/apple/protected/controllers/NotificationController.php (161)
in /var/www/apple/protected/controllers/NotificationController.php (76)
in /var/www/apple/index.php (13)
2013/07/04 15:52:37 [error] [php] stream_socket_client(): php_network_getaddresses: getaddrinfo failed: Name or service not known (/var/www/apple/protected/controllers/NotificationController.php:161)
Stack trace:
#0 /var/www/apple/yii/framework/web/actions/CInlineAction.php(49): NotificationController->actionCreate()
#1 /var/www/apple/yii/framework/web/CController.php(308): CInlineAction->runWithParams()
#2 /var/www/apple/yii/framework/web/filters/CFilterChain.php(133): NotificationController->runAction()
#3 /var/www/apple/yii/framework/web/filters/CFilter.php(40): CFilterChain->run()
#4 /var/www/apple/yii/framework/web/CController.php(1145): CAccessControlFilter->filter()
#5 /var/www/apple/yii/framework/web/filters/CInlineFilter.php(58): NotificationController->filterAccessControl()
#6 /var/www/apple/yii/framework/web/filters/CFilterChain.php(130): CInlineFilter->filter()
#7 /var/www/apple/yii/framework/web/CController.php(291): CFilterChain->run()
#8 /var/www/apple/yii/framework/web/CController.php(265): NotificationController->runActionWithFilters()
#9 /var/www/apple/yii/framework/web/CWebApplication.php(282): NotificationController->run()
#10 /var/www/apple/yii/framework/web/CWebApplication.php(141): CWebApplication->runController()
#11 /var/www/apple/yii/framework/base/CApplication.php(169): CWebApplication->processRequest()
#12 /var/www/apple/index.php(13): CWebApplication->run()
REQUEST_URI=/apple/notification/create
in /var/www/apple/protected/controllers/NotificationController.php (161)
in /var/www/apple/protected/controllers/NotificationController.php (76)
in /var/www/apple/index.php (13)
2013/07/04 16:27:50 [error] [php] stream_socket_client(): php_network_getaddresses: getaddrinfo failed: Name or service not known (/var/www/apple/protected/controllers/NotificationController.php:161)
Stack trace:
#0 /var/www/apple/yii/framework/web/actions/CInlineAction.php(49): NotificationController->actionCreate()
#1 /var/www/apple/yii/framework/web/CController.php(308): CInlineAction->runWithParams()
#2 /var/www/apple/yii/framework/web/filters/CFilterChain.php(133): NotificationController->runAction()
#3 /var/www/apple/yii/framework/web/filters/CFilter.php(40): CFilterChain->run()
#4 /var/www/apple/yii/framework/web/CController.php(1145): CAccessControlFilter->filter()
#5 /var/www/apple/yii/framework/web/filters/CInlineFilter.php(58): NotificationController->filterAccessControl()
#6 /var/www/apple/yii/framework/web/filters/CFilterChain.php(130): CInlineFilter->filter()
#7 /var/www/apple/yii/framework/web/CController.php(291): CFilterChain->run()
#8 /var/www/apple/yii/framework/web/CController.php(265): NotificationController->runActionWithFilters()
#9 /var/www/apple/yii/framework/web/CWebApplication.php(282): NotificationController->run()
#10 /var/www/apple/yii/framework/web/CWebApplication.php(141): CWebApplication->runController()
#11 /var/www/apple/yii/framework/base/CApplication.php(169): CWebApplication->processRequest()
#12 /var/www/apple/index.php(13): CWebApplication->run()
REQUEST_URI=/apple/notification/create
in /var/www/apple/protected/controllers/NotificationController.php (161)
in /var/www/apple/protected/controllers/NotificationController.php (76)
in /var/www/apple/index.php (13)
2013/07/04 17:38:08 [error] [exception.CHttpException.404] exception 'CHttpException' with message 'The requested page does not exist.' in /var/www/apple/protected/controllers/NotificationController.php:261
Stack trace:
#0 /var/www/apple/protected/controllers/NotificationController.php(55): NotificationController->loadModel('57')
#1 [internal function]: NotificationController->actionView('57')
#2 /var/www/apple/yii/framework/web/actions/CAction.php(108): ReflectionMethod->invokeArgs(Object(NotificationController), Array)
#3 /var/www/apple/yii/framework/web/actions/CInlineAction.php(47): CAction->runWithParamsInternal(Object(NotificationController), Object(ReflectionMethod), Array)
#4 /var/www/apple/yii/framework/web/CController.php(308): CInlineAction->runWithParams(Array)
#5 /var/www/apple/yii/framework/web/filters/CFilterChain.php(133): CController->runAction(Object(CInlineAction))
#6 /var/www/apple/yii/framework/web/filters/CFilter.php(40): CFilterChain->run()
#7 /var/www/apple/yii/framework/web/CController.php(1145): CFilter->filter(Object(CFilterChain))
#8 /var/www/apple/yii/framework/web/filters/CInlineFilter.php(58): CController->filterAccessControl(Object(CFilterChain))
#9 /var/www/apple/yii/framework/web/filters/CFilterChain.php(130): CInlineFilter->filter(Object(CFilterChain))
#10 /var/www/apple/yii/framework/web/CController.php(291): CFilterChain->run()
#11 /var/www/apple/yii/framework/web/CController.php(265): CController->runActionWithFilters(Object(CInlineAction), Array)
#12 /var/www/apple/yii/framework/web/CWebApplication.php(282): CController->run('view')
#13 /var/www/apple/yii/framework/web/CWebApplication.php(141): CWebApplication->runController('notification/vi...')
#14 /var/www/apple/yii/framework/base/CApplication.php(169): CWebApplication->processRequest()
#15 /var/www/apple/index.php(13): CApplication->run()
#16 {main}
REQUEST_URI=/apple/notification/57
---
2013/07/04 17:42:46 [error] [php] stream_socket_client(): php_network_getaddresses: getaddrinfo failed: Name or service not known (/var/www/apple/protected/controllers/NotificationController.php:112)
Stack trace:
#0 /var/www/apple/yii/framework/web/actions/CInlineAction.php(49): NotificationController->actionCreate()
#1 /var/www/apple/yii/framework/web/CController.php(308): CInlineAction->runWithParams()
#2 /var/www/apple/yii/framework/web/filters/CFilterChain.php(133): NotificationController->runAction()
#3 /var/www/apple/yii/framework/web/filters/CFilter.php(40): CFilterChain->run()
#4 /var/www/apple/yii/framework/web/CController.php(1145): CAccessControlFilter->filter()
#5 /var/www/apple/yii/framework/web/filters/CInlineFilter.php(58): NotificationController->filterAccessControl()
#6 /var/www/apple/yii/framework/web/filters/CFilterChain.php(130): CInlineFilter->filter()
#7 /var/www/apple/yii/framework/web/CController.php(291): CFilterChain->run()
#8 /var/www/apple/yii/framework/web/CController.php(265): NotificationController->runActionWithFilters()
#9 /var/www/apple/yii/framework/web/CWebApplication.php(282): NotificationController->run()
#10 /var/www/apple/yii/framework/web/CWebApplication.php(141): CWebApplication->runController()
#11 /var/www/apple/yii/framework/base/CApplication.php(169): CWebApplication->processRequest()
#12 /var/www/apple/index.php(13): CWebApplication->run()
REQUEST_URI=/apple/notification/create
in /var/www/apple/protected/controllers/NotificationController.php (112)
in /var/www/apple/protected/controllers/NotificationController.php (78)
in /var/www/apple/index.php (13)
